[debug] [2022-08-18T23:00:41.903Z] ----------------------------------------------------------------------
[debug] [2022-08-18T23:00:41.904Z] Command:       C:\Program Files\nodejs\node.exe C:\Users\AJ Blanco\AppData\Roaming\npm\node_modules\firebase-tools\lib\bin\firebase.js init
[debug] [2022-08-18T23:00:41.904Z] CLI Version:   11.7.0
[debug] [2022-08-18T23:00:41.904Z] Platform:      win32
[debug] [2022-08-18T23:00:41.904Z] Node Version:  v16.15.1
[debug] [2022-08-18T23:00:41.904Z] Time:          Thu Aug 18 2022 18:00:41 GMT-0500 (Central Daylight Time)
[debug] [2022-08-18T23:00:41.904Z] ----------------------------------------------------------------------
[debug] 
[debug] [2022-08-18T23:00:41.938Z] > command requires scopes: ["email","openid","https://www.googleapis.com/auth/cloudplatformprojects.readonly","https://www.googleapis.com/auth/firebase","https://www.googleapis.com/auth/cloud-platform"]
[debug] [2022-08-18T23:00:41.938Z] > authorizing via signed-in user (starsandsun89@gmail.com)
[info] 
     ######## #### ########  ######## ########     ###     ######  ########
     ##        ##  ##     ## ##       ##     ##  ##   ##  ##       ##
     ######    ##  ########  ######   ########  #########  ######  ######
     ##        ##  ##    ##  ##       ##     ## ##     ##       ## ##
     ##       #### ##     ## ######## ########  ##     ##  ######  ########

You're about to initialize a Firebase project in this directory:

  C:\Users\AJ Blanco\Development\rejuvenation-hydration-llc

Before we get started, keep in mind:

  * You are initializing within an existing Firebase project directory

[info] 
=== Project Setup
[info] 
[info] First, let's associate this project directory with a Firebase project.
[info] You can create multiple project aliases by running firebase use --add, 
[info] but for now we'll just set up a default project.
[info] 
[debug] [2022-08-18T23:00:48.001Z] Using project from CLI flag: rejuvenation-hydration
[debug] [2022-08-18T23:00:48.004Z] >>> [apiv2][query] GET https://firebase.googleapis.com/v1beta1/projects/rejuvenation-hydration [none]
[debug] [2022-08-18T23:00:48.242Z] <<< [apiv2][status] GET https://firebase.googleapis.com/v1beta1/projects/rejuvenation-hydration 200
[debug] [2022-08-18T23:00:48.242Z] <<< [apiv2][body] GET https://firebase.googleapis.com/v1beta1/projects/rejuvenation-hydration {"projectId":"rejuvenation-hydration","projectNumber":"1030111668526","displayName":"rejuvenation-hydration","name":"projects/rejuvenation-hydration","resources":{"hostingSite":"rejuvenation-hydration","storageBucket":"rejuvenation-hydration.appspot.com","locationId":"us-central"},"state":"ACTIVE","etag":"1_175d1f53-f964-4ac8-a7dd-580e2f9a135e"}
[info] i  Using project rejuvenation-hydration (rejuvenation-hydration) 
[info] 
=== Hosting Setup
[info] 
[info] Your public directory is the folder (relative to your project directory) that
[info] will contain Hosting assets to be uploaded with firebase deploy. If you
[info] have a build process for your assets, use your build's output directory.
[info] 
[info] i  Skipping write of public/404.html 
[debug] [2022-08-18T23:01:17.549Z] >>> [apiv2][query] GET https://www.gstatic.com/firebasejs/releases.json [none]
[debug] [2022-08-18T23:01:17.591Z] <<< [apiv2][status] GET https://www.gstatic.com/firebasejs/releases.json 200
[debug] [2022-08-18T23:01:17.591Z] <<< [apiv2][body] GET https://www.gstatic.com/firebasejs/releases.json {"current":{"version":"9.9.3","browserURL":"https://www.gstatic.com/firebasejs/9.9.3/firebase.js","packageURL":"https://www.gstatic.com/firebasejs/9.9.3/firebase.tgz"},"live":{"version":"9.9","browserURL":"https://www.gstatic.com/firebasejs/live/9.9/firebase.js","packageURL":"https://www.gstatic.com/firebasejs/live/9.9/firebase.tgz"},"components":{"analytics":"https://www.gstatic.com/firebasejs/9.9.3/firebase-analytics.js","app":"https://www.gstatic.com/firebasejs/9.9.3/firebase-app.js","app-check":"https://www.gstatic.com/firebasejs/9.9.3/firebase-app-check.js","auth":"https://www.gstatic.com/firebasejs/9.9.3/firebase-auth.js","auth/cordova":"https://www.gstatic.com/firebasejs/9.9.3/firebase-auth/cordova.js","auth/react-native":"https://www.gstatic.com/firebasejs/9.9.3/firebase-auth/react-native.js","functions":"https://www.gstatic.com/firebasejs/9.9.3/firebase-functions.js","firestore":"https://www.gstatic.com/firebasejs/9.9.3/firebase-firestore.js","firestore/lite":"https://www.gstatic.com/firebasejs/9.9.3/firebase-firestore/lite.js","installations":"https://www.gstatic.com/firebasejs/9.9.3/firebase-installations.js","storage":"https://www.gstatic.com/firebasejs/9.9.3/firebase-storage.js","performance":"https://www.gstatic.com/firebasejs/9.9.3/firebase-performance.js","remote-config":"https://www.gstatic.com/firebasejs/9.9.3/firebase-remote-config.js","messaging":"https://www.gstatic.com/firebasejs/9.9.3/firebase-messaging.js","messaging/sw":"https://www.gstatic.com/firebasejs/9.9.3/firebase-messaging/sw.js","database":"https://www.gstatic.com/firebasejs/9.9.3/firebase-database.js","firestore.memory":"https://www.gstatic.com/firebasejs/9.9.3/firebase-firestore.memory.js"}}
